{"level":"http","message":"[b25149fc-0d1a-4ea2-9d50-1ae1c6e0e96b] GET / 304 6.969 ms","timestamp":"2026-05-13 11:28:12"}
{"level":"http","message":"[cf13a2fc-6615-4e06-bafa-34ecffc7e1ce] GET / 304 0.555 ms","timestamp":"2026-05-13 11:28:14"}
{"level":"http","message":"[2cedec62-48cc-4027-a46e-e4cdde1655dc] GET / 200 10.306 ms","timestamp":"2026-05-21 16:21:45"}
{"level":"http","message":"[04e9a59d-ddcc-469e-92cc-f0cc54fac319] GET /favicon.ico 404 2.127 ms","timestamp":"2026-05-21 16:21:46"}
{"level":"error","message":"Failed to Connect Database","timestamp":"2026-05-21 16:40:24"}
{"level":"error","message":"Failed to Connect Database","timestamp":"2026-05-21 16:42:02"}
{"level":"error","message":"Failed to Connect Database","timestamp":"2026-05-21 16:46:34"}
{"level":"error","message":"Failed to Connect Database","timestamp":"2026-05-21 16:46:35"}
{"level":"error","message":"Failed to Connect Database","timestamp":"2026-05-21 16:46:42"}
{"level":"error","message":"Failed to Connect Database","timestamp":"2026-05-21 16:46:44"}
{"level":"error","message":"Failed to Connect Database","timestamp":"2026-05-21 16:46:50"}
{"level":"error","message":"Failed to Connect Database","timestamp":"2026-05-21 16:47:02"}
{"level":"http","message":"[f3783279-07c5-4e60-a5e7-9c2303ed0efc] GET / 304 6.280 ms","timestamp":"2026-05-21 16:48:09"}
{"level":"error","message":"Database connection failed","timestamp":"2026-05-21 16:48:50"}
{"level":"error","message":"Database connection failed","timestamp":"2026-05-21 16:48:56"}
{"level":"error","message":"Database connection failed","timestamp":"2026-05-21 16:48:58"}
{"level":"error","message":"Database connection failed","timestamp":"2026-05-21 16:49:03"}
{"level":"error","message":"Database connection failed","timestamp":"2026-05-21 16:49:11"}
{"level":"error","message":"Database connection failed","timestamp":"2026-05-21 16:49:14"}
{"level":"error","message":"Database connection failed","timestamp":"2026-05-21 16:49:18"}
{"level":"error","message":"Database connection failed","timestamp":"2026-05-21 16:49:23"}
{"level":"error","message":"Database connection failed","timestamp":"2026-05-21 16:49:26"}
{"level":"error","message":"Database connection failed","timestamp":"2026-05-21 16:49:43"}
{"level":"error","message":"Database connection failed","timestamp":"2026-05-21 16:53:46"}
{"level":"error","message":"Database connection failed","timestamp":"2026-05-21 16:54:03"}
{"level":"error","message":"Database connection failed","timestamp":"2026-05-21 16:54:12"}
{"level":"error","message":"Database connection failed","timestamp":"2026-05-21 16:59:02"}
{"level":"info","message":"PostgreSQL Connected","timestamp":"2026-05-21 16:59:19"}
{"level":"info","message":"Database connected successfully","timestamp":"2026-05-21 16:59:19"}
{"level":"info","message":"Server running on port 5000","timestamp":"2026-05-21 16:59:19"}
{"level":"http","message":"[2e887025-4598-4c13-8276-5b36bf9c861d] GET / 304 3.811 ms","timestamp":"2026-05-21 16:59:24"}
{"level":"info","message":"PostgreSQL Connected","timestamp":"2026-05-22 20:22:00"}
{"level":"info","message":"Database connected successfully","timestamp":"2026-05-22 20:22:00"}
{"level":"info","message":"Server running on port 5000","timestamp":"2026-05-22 20:22:00"}
{"level":"http","message":"[a950a39c-d3e3-4b7d-8349-0abeb75dda2b] GET / 304 5.073 ms","timestamp":"2026-05-22 20:22:09"}
{"level":"http","message":"[0142786d-d9fa-44c2-8c33-583e5fa56eb7] GET /favicon.ico 404 3.160 ms","timestamp":"2026-05-22 20:22:10"}
{"level":"http","message":"[54e6100e-4ae3-4d48-8fcb-5cf91c3e3e61] GET /users 404 0.796 ms","timestamp":"2026-05-22 20:22:15"}
{"level":"http","message":"[74fcf725-d4a0-46e5-87be-7f5c5c8c9a9a] GET /user 404 0.731 ms","timestamp":"2026-05-22 20:22:23"}
{"level":"info","message":"PostgreSQL Connected","timestamp":"2026-05-22 20:25:30"}
{"level":"info","message":"Database connected successfully","timestamp":"2026-05-22 20:25:30"}
{"level":"info","message":"Server running on port 5000","timestamp":"2026-05-22 20:25:30"}
{"level":"http","message":"[23eae6f9-7d86-4050-a438-3b9e8f4a4ad4] GET /user 404 3.670 ms","timestamp":"2026-05-22 20:25:35"}
{"level":"http","message":"[11965cf1-cf6b-4ff5-9077-31bc3b55c42b] GET /users 404 0.781 ms","timestamp":"2026-05-22 20:25:37"}
{"level":"http","message":"[1b96ec25-b758-40a3-8285-2196782eb40a] GET /user 404 0.726 ms","timestamp":"2026-05-22 20:27:08"}
{"level":"http","message":"[d6349e02-aaa3-4f92-a14c-0abee29cec71] GET / 304 6.768 ms","timestamp":"2026-05-22 20:27:14"}
{"level":"http","message":"[e2d6ecc8-2cc0-49a4-a3c9-fa80f5721b4c] GET /.well-known/appspecific/com.chrome.devtools.json 404 0.391 ms","timestamp":"2026-05-22 20:27:14"}
{"level":"info","message":"PostgreSQL Connected","timestamp":"2026-05-22 20:27:25"}
{"level":"info","message":"Database connected successfully","timestamp":"2026-05-22 20:27:25"}
{"level":"info","message":"Server running on port 5000","timestamp":"2026-05-22 20:27:25"}
{"level":"info","message":"PostgreSQL Connected","timestamp":"2026-05-22 20:27:36"}
{"level":"info","message":"Database connected successfully","timestamp":"2026-05-22 20:27:36"}
{"level":"info","message":"Server running on port 5000","timestamp":"2026-05-22 20:27:36"}
{"level":"http","message":"[86f9fbfc-98ed-4997-a7f2-e93a43a8a1ef] GET /users 404 6.615 ms","timestamp":"2026-05-22 20:27:45"}
{"level":"http","message":"[2ca0e054-a1fd-467c-b8f2-16f76901ee0b] GET /api/users 404 1.678 ms","timestamp":"2026-05-22 20:30:23"}
{"level":"info","message":"PostgreSQL Connected","timestamp":"2026-05-22 20:30:59"}
{"level":"http","message":"[f4d05975-a6e5-4066-a916-171663bea957] POST /api/users 400 85.587 ms","timestamp":"2026-05-22 20:30:59"}
{"level":"info","message":"PostgreSQL Connected","timestamp":"2026-05-22 20:32:14"}
{"level":"http","message":"[64f143ad-176a-40eb-ab31-33238702103b] POST /api/users 400 120.528 ms","timestamp":"2026-05-22 20:32:15"}
{"level":"info","message":"PostgreSQL Connected","timestamp":"2026-05-22 20:35:24"}
{"level":"http","message":"[a168a43b-a600-4bf0-a79c-a583b93f4d8d] POST /api/users 400 79.943 ms","timestamp":"2026-05-22 20:35:24"}
{"level":"info","message":"PostgreSQL Connected","timestamp":"2026-05-22 20:35:46"}
{"level":"http","message":"[9216fd73-4493-433b-b556-b5a994206ed4] POST /api/users 400 79.926 ms","timestamp":"2026-05-22 20:35:46"}
{"level":"info","message":"PostgreSQL Connected","timestamp":"2026-05-22 20:38:22"}
{"level":"info","message":"Database connected successfully","timestamp":"2026-05-22 20:38:22"}
{"level":"info","message":"Server running on port 5000","timestamp":"2026-05-22 20:38:22"}
{"level":"http","message":"[77e3459f-26e7-4bc1-928c-47c6023a7fa7] POST /api/users 201 153.998 ms","timestamp":"2026-05-22 20:38:26"}
{"level":"http","message":"[212a7357-5fdd-4979-a6c8-04547475cd31] GET /api/users 404 6.820 ms","timestamp":"2026-05-22 20:39:06"}
{"level":"http","message":"[39afaf7b-b220-4bed-b68e-a0a6c5d085f3] GET /api/users 404 1.155 ms","timestamp":"2026-05-22 20:39:08"}
{"level":"http","message":"[e24a4772-f3ea-4cb5-ad28-706993a93c0b] GET /api/users 404 0.812 ms","timestamp":"2026-05-22 20:39:21"}
{"level":"http","message":"[cb5af897-0f5e-447a-9a8b-a8f7e825f81f] GET /api/users/ogin 404 0.452 ms","timestamp":"2026-05-22 20:40:23"}
{"level":"http","message":"[ccca5863-ffdc-4430-8414-adc4c99fe190] GET /api/users/login 404 0.619 ms","timestamp":"2026-05-22 20:40:50"}
{"level":"info","message":"PostgreSQL Connected","timestamp":"2026-05-22 20:40:54"}
{"level":"http","message":"[412eaa8c-ab73-4bcc-bd8b-0e20e4c961dc] POST /api/users/login 400 209.147 ms","timestamp":"2026-05-22 20:40:54"}
{"level":"info","message":"PostgreSQL Connected","timestamp":"2026-05-22 22:15:17"}
{"level":"info","message":"Database connected successfully","timestamp":"2026-05-22 22:15:17"}
{"level":"info","message":"Server running on port 5000","timestamp":"2026-05-22 22:15:17"}
{"level":"info","message":"PostgreSQL Connected","timestamp":"2026-05-22 22:15:36"}
{"level":"http","message":"[31f8a4b4-0c1c-4b26-96c1-641cbe1d9792] POST /api/users/login 200 283.677 ms","timestamp":"2026-05-22 22:15:36"}
{"level":"info","message":"PostgreSQL Connected","timestamp":"2026-05-22 23:26:50"}
{"level":"info","message":"Database connected successfully","timestamp":"2026-05-22 23:26:50"}
{"level":"info","message":"Server running on port 5000","timestamp":"2026-05-22 23:26:50"}
{"level":"http","message":"[7366854d-02e0-464e-a102-73c989872336] GET /api/users/me 401 4.787 ms","timestamp":"2026-05-22 23:27:11"}
{"level":"http","message":"[326f9025-86fa-48fa-8b87-dcf74198310a] GET /api/users/me 401 0.977 ms","timestamp":"2026-05-22 23:27:21"}
{"level":"info","message":"PostgreSQL Connected","timestamp":"2026-05-23 10:02:30"}
{"level":"info","message":"Database connected successfully","timestamp":"2026-05-23 10:02:30"}
{"level":"info","message":"Server running on port 5000","timestamp":"2026-05-23 10:02:30"}
{"level":"http","message":"[cf45ddc1-76aa-4f5e-8da4-20f468cc6e46] GET / 304 8.791 ms","timestamp":"2026-05-23 10:04:07"}
{"level":"http","message":"[13ddf042-6bb8-4184-8e0b-e32ae02f56a5] GET /api.users 404 4.144 ms","timestamp":"2026-05-23 10:04:11"}
{"level":"http","message":"[ba98ee96-d472-4769-98f2-9a25b68848eb] GET / 304 0.821 ms","timestamp":"2026-05-23 10:04:19"}
{"level":"http","message":"[03257753-eb45-41c6-8032-77907c14b71e] GET /api/users 404 2.083 ms","timestamp":"2026-05-23 10:04:23"}
{"level":"http","message":"[41f94daa-4d9b-42e1-8f99-affacdbc4245] GET /api/users/ 404 0.672 ms","timestamp":"2026-05-23 10:04:50"}
{"level":"http","message":"[6608556d-afae-411f-8494-93fc13ba4b8f] GET /api/users/me 401 1.456 ms","timestamp":"2026-05-23 10:04:57"}
{"level":"http","message":"[40e6d6e8-6378-43a0-a356-45a42c5bada1] POST /api/users/me 404 1.233 ms","timestamp":"2026-05-23 10:05:16"}
{"level":"http","message":"[b12db566-f3a9-4d6e-bd5f-93047129ce93] POST /api/users/ 400 7.282 ms","timestamp":"2026-05-23 10:05:22"}
{"level":"info","message":"PostgreSQL Connected","timestamp":"2026-05-23 10:05:39"}
{"level":"http","message":"[ea2a8d52-af83-4b52-9c4a-185a3d662aaa] POST /api/users/login 200 527.659 ms","timestamp":"2026-05-23 10:05:39"}
{"level":"info","message":"PostgreSQL Connected","timestamp":"2026-05-23 10:06:26"}
{"level":"http","message":"[43bdce64-8a51-485b-b429-4874e6d4750d] POST /api/users/login 200 283.285 ms","timestamp":"2026-05-23 10:06:26"}
{"level":"http","message":"[0e2c7a2d-5069-4d58-a6b7-3c6cb5def7d6] GET /api/users/lme 404 0.456 ms","timestamp":"2026-05-23 10:06:36"}
{"level":"info","message":"PostgreSQL Connected","timestamp":"2026-05-23 10:06:43"}
{"level":"http","message":"[a4d54976-20ee-452a-9de3-5a224eae6c78] GET /api/users/me 200 177.923 ms","timestamp":"2026-05-23 10:06:43"}
{"level":"http","message":"[d87d43c3-6571-4b61-a67e-3e73abf3bb39] GET / 304 0.617 ms","timestamp":"2026-05-23 10:06:52"}
{"level":"http","message":"[a20fc82f-4643-4cfd-983e-640b93aac67d] GET /api/users/me 401 0.557 ms","timestamp":"2026-05-23 10:06:59"}
{"level":"http","message":"[acf53ca2-d842-4fc3-93de-7d0d6fe07eef] GET /favicon.ico 404 0.791 ms","timestamp":"2026-05-23 10:07:00"}
{"level":"http","message":"[2b9a022e-639c-4fcc-9843-1f97cb93b1ac] GET /api/users/me/eyJhbGciOiJIUzI1NiIsInR5cCI6IkpXVCJ9.eyJ1c2VyX2lkIjoiMDdmZWJmZWQtYjRlZS00Nzk4LTliNDctNTMxN2NlZWY3MDA3IiwiZW1haWwiOiJ0ZXN0QGdtYWlsLmNvbSIsInN0YXR1cyI6ImFjdGl2ZSIsImlhdCI6MTc3OTUxMDkzOSwiZXhwIjoxNzc5NTk3MzM5fQ.W13Hyw9hPzAuQpN0y5m3V5WxJ0JiecfPnk-11fLpwE0 404 0.740 ms","timestamp":"2026-05-23 10:07:07"}
{"level":"info","message":"PostgreSQL Connected","timestamp":"2026-05-23 10:51:33"}
{"level":"info","message":"Database connected successfully","timestamp":"2026-05-23 10:51:33"}
{"level":"info","message":"Server running on port 5000","timestamp":"2026-05-23 10:51:33"}
{"level":"info","message":"PostgreSQL Connected","timestamp":"2026-05-23 11:11:56"}
{"level":"info","message":"Database connected successfully","timestamp":"2026-05-23 11:11:56"}
{"level":"info","message":"Server running on port 5000","timestamp":"2026-05-23 11:11:56"}
{"level":"info","message":"PostgreSQL Connected","timestamp":"2026-05-23 11:12:45"}
{"level":"info","message":"Database connected successfully","timestamp":"2026-05-23 11:12:45"}
{"level":"info","message":"Server running on port 5000","timestamp":"2026-05-23 11:12:45"}
{"level":"info","message":"PostgreSQL Connected","timestamp":"2026-05-23 11:12:49"}
{"level":"info","message":"Database connected successfully","timestamp":"2026-05-23 11:12:49"}
{"level":"info","message":"Server running on port 5000","timestamp":"2026-05-23 11:12:49"}
{"level":"info","message":"PostgreSQL Connected","timestamp":"2026-05-23 11:12:51"}
{"level":"info","message":"Database connected successfully","timestamp":"2026-05-23 11:12:51"}
{"level":"info","message":"Server running on port 5000","timestamp":"2026-05-23 11:12:51"}
{"level":"info","message":"PostgreSQL Connected","timestamp":"2026-05-23 11:12:55"}
{"level":"info","message":"Database connected successfully","timestamp":"2026-05-23 11:12:55"}
{"level":"info","message":"Server running on port 5000","timestamp":"2026-05-23 11:12:55"}
{"level":"info","message":"PostgreSQL Connected","timestamp":"2026-05-23 11:12:56"}
{"level":"info","message":"Database connected successfully","timestamp":"2026-05-23 11:12:56"}
{"level":"info","message":"Server running on port 5000","timestamp":"2026-05-23 11:12:56"}
{"level":"info","message":"PostgreSQL Connected","timestamp":"2026-05-23 11:12:58"}
{"level":"info","message":"Database connected successfully","timestamp":"2026-05-23 11:12:58"}
{"level":"info","message":"Server running on port 5000","timestamp":"2026-05-23 11:12:58"}
{"level":"info","message":"PostgreSQL Connected","timestamp":"2026-05-23 11:13:01"}
{"level":"info","message":"Database connected successfully","timestamp":"2026-05-23 11:13:01"}
{"level":"info","message":"Server running on port 5000","timestamp":"2026-05-23 11:13:01"}
{"level":"info","message":"PostgreSQL Connected","timestamp":"2026-05-23 11:19:36"}
{"level":"info","message":"Database connected successfully","timestamp":"2026-05-23 11:19:36"}
{"level":"info","message":"Server running on port 5000","timestamp":"2026-05-23 11:19:36"}
{"level":"info","message":"PostgreSQL Connected","timestamp":"2026-05-23 11:19:37"}
{"level":"info","message":"Database connected successfully","timestamp":"2026-05-23 11:19:37"}
{"level":"info","message":"Server running on port 5000","timestamp":"2026-05-23 11:19:37"}
{"level":"info","message":"PostgreSQL Connected","timestamp":"2026-05-23 11:19:39"}
{"level":"info","message":"Database connected successfully","timestamp":"2026-05-23 11:19:39"}
{"level":"info","message":"Server running on port 5000","timestamp":"2026-05-23 11:19:39"}
{"level":"info","message":"PostgreSQL Connected","timestamp":"2026-05-23 11:19:42"}
{"level":"info","message":"Database connected successfully","timestamp":"2026-05-23 11:19:42"}
{"level":"info","message":"Server running on port 5000","timestamp":"2026-05-23 11:19:42"}
{"level":"info","message":"PostgreSQL Connected","timestamp":"2026-05-23 11:19:44"}
{"level":"info","message":"Database connected successfully","timestamp":"2026-05-23 11:19:44"}
{"level":"info","message":"Server running on port 5000","timestamp":"2026-05-23 11:19:44"}
{"level":"info","message":"PostgreSQL Connected","timestamp":"2026-05-23 11:19:47"}
{"level":"info","message":"Database connected successfully","timestamp":"2026-05-23 11:19:47"}
{"level":"info","message":"Server running on port 5000","timestamp":"2026-05-23 11:19:47"}
{"level":"info","message":"PostgreSQL Connected","timestamp":"2026-05-23 11:23:01"}
{"level":"info","message":"Database connected successfully","timestamp":"2026-05-23 11:23:01"}
{"level":"info","message":"Server running on port 5000","timestamp":"2026-05-23 11:23:01"}
{"level":"info","message":"PostgreSQL Connected","timestamp":"2026-05-23 11:23:49"}
{"level":"info","message":"Database connected successfully","timestamp":"2026-05-23 11:23:49"}
{"level":"info","message":"Server running on port 5000","timestamp":"2026-05-23 11:23:49"}
{"level":"info","message":"PostgreSQL Connected","timestamp":"2026-05-23 11:31:40"}
{"level":"info","message":"Database connected successfully","timestamp":"2026-05-23 11:31:40"}
{"level":"info","message":"Server running on port 5000","timestamp":"2026-05-23 11:31:40"}
{"level":"http","message":"[799ff8e3-834d-44eb-8e85-a213649166f6] PUT /api/users/1 404 3.667 ms","timestamp":"2026-05-23 11:31:48"}
{"level":"http","message":"[fbb8c4ac-8b72-4df2-924e-7c6d1a794b70] GET /api/users/login 404 1.504 ms","timestamp":"2026-05-23 11:32:11"}
{"level":"info","message":"PostgreSQL Connected","timestamp":"2026-05-23 11:32:26"}
{"level":"http","message":"[67084af3-bc1a-48b4-bb29-4e73a2d79bfb] POST /api/users/login 200 262.690 ms","timestamp":"2026-05-23 11:32:26"}
{"level":"http","message":"[96b43b6d-8299-4f5e-9eed-73e72309872d] PUT /api/users/1 404 0.390 ms","timestamp":"2026-05-23 11:32:49"}
{"level":"http","message":"[22ec9a99-55f1-4281-a4fd-6ad9eba53df0] PUT /api/users/07febfed-b4ee-4798-9b47-5317ceef7007 404 0.561 ms","timestamp":"2026-05-23 11:33:14"}
{"level":"http","message":"[f29b4a55-ee9b-4f84-8632-3760ab065cdc] PUT /api/users/07febfed-b4ee-4798-9b47-5317ceef7007 404 0.670 ms","timestamp":"2026-05-23 11:34:13"}
{"level":"info","message":"PostgreSQL Connected","timestamp":"2026-05-23 11:34:38"}
{"level":"http","message":"[e3373694-0c82-4de2-aaf0-37350b39ecf1] PUT /api/users/update/07febfed-b4ee-4798-9b47-5317ceef7007 400 89.852 ms","timestamp":"2026-05-23 11:34:38"}
{"level":"info","message":"PostgreSQL Connected","timestamp":"2026-05-23 11:36:39"}
{"level":"info","message":"Database connected successfully","timestamp":"2026-05-23 11:36:39"}
{"level":"info","message":"Server running on port 5000","timestamp":"2026-05-23 11:36:39"}
{"level":"info","message":"PostgreSQL Connected","timestamp":"2026-05-23 11:36:41"}
{"level":"info","message":"Database connected successfully","timestamp":"2026-05-23 11:36:41"}
{"level":"info","message":"Server running on port 5000","timestamp":"2026-05-23 11:36:41"}
{"level":"http","message":"[3b0e1746-f71f-413b-b135-35ccb254ec4c] PUT /api/users/update/07febfed-b4ee-4798-9b47-5317ceef7007 400 16.483 ms","timestamp":"2026-05-23 11:36:43"}
{"level":"info","message":"PostgreSQL Connected","timestamp":"2026-05-23 11:36:55"}
{"level":"info","message":"Database connected successfully","timestamp":"2026-05-23 11:36:55"}
{"level":"info","message":"Server running on port 5000","timestamp":"2026-05-23 11:36:55"}
{"level":"info","message":"PostgreSQL Connected","timestamp":"2026-05-23 11:38:34"}
{"level":"http","message":"[79b5e154-57f7-445f-b3fa-37e94a77fa08] PUT /api/users/update/1 400 108.628 ms","timestamp":"2026-05-23 11:38:34"}
{"level":"info","message":"PostgreSQL Connected","timestamp":"2026-05-23 11:38:52"}
{"level":"info","message":"Database connected successfully","timestamp":"2026-05-23 11:38:52"}
{"level":"info","message":"Server running on port 5000","timestamp":"2026-05-23 11:38:52"}
{"level":"http","message":"[b46ade90-de48-4cdf-8646-d871680c7d18] PUT /api/users/update/07febfed-b4ee-4798-9b47-5317ceef7007 200 36.407 ms","timestamp":"2026-05-23 11:38:55"}
{"level":"error","message":"Expected double-quoted property name in JSON at position 60 (line 5 column 1)","method":"PUT","stack":"SyntaxError: Expected double-quoted property name in JSON at position 60 (line 5 column 1)\n    at JSON.parse (<anonymous>)\n    at parse (D:\\user_management\\backend\\node_modules\\.pnpm\\body-parser@2.2.2\\node_modules\\body-parser\\lib\\types\\json.js:72:19)\n    at D:\\user_management\\backend\\node_modules\\.pnpm\\body-parser@2.2.2\\node_modules\\body-parser\\lib\\read.js:162:18\n    at AsyncResource.runInAsyncScope (node:async_hooks:214:14)\n    at invokeCallback (D:\\user_management\\backend\\node_modules\\.pnpm\\raw-body@3.0.2\\node_modules\\raw-body\\index.js:238:16)\n    at done (D:\\user_management\\backend\\node_modules\\.pnpm\\raw-body@3.0.2\\node_modules\\raw-body\\index.js:227:7)\n    at IncomingMessage.onEnd (D:\\user_management\\backend\\node_modules\\.pnpm\\raw-body@3.0.2\\node_modules\\raw-body\\index.js:287:7)\n    at IncomingMessage.emit (node:events:508:28)\n    at endReadableNT (node:internal/streams/readable:1701:12)\n    at processTicksAndRejections (node:internal/process/task_queues:90:21)","timestamp":"2026-05-23 11:42:52","url":"/api/users/update/07febfed-b4ee-4798-9b47-5317ceef7007"}
{"level":"info","message":"PostgreSQL Connected","timestamp":"2026-05-23 11:42:59"}
{"level":"http","message":"[65799cf8-453b-44e7-b7c8-b6d6cf0f4532] PUT /api/users/update/07febfed-b4ee-4798-9b47-5317ceef7007 200 77.980 ms","timestamp":"2026-05-23 11:42:59"}
{"level":"info","message":"PostgreSQL Connected","timestamp":"2026-05-23 11:43:40"}
{"level":"http","message":"[46b170a0-8998-4a78-9096-35ec82898193] GET /api/users/all 200 72.653 ms","timestamp":"2026-05-23 11:43:40"}
{"level":"http","message":"[a416bb1a-a05b-44ff-8f48-f59aa7323334] POST /api/customers/ 404 1.697 ms","timestamp":"2026-05-23 11:44:13"}
{"level":"http","message":"[b627b61d-e8b1-4b79-b4cd-5a76b39b5ec0] POST /api/users/ 400 5.746 ms","timestamp":"2026-05-23 11:44:49"}
{"level":"info","message":"PostgreSQL Connected","timestamp":"2026-05-23 11:45:04"}
{"level":"http","message":"[9f2528e7-f9a5-4047-b5d9-adf2a1357c57] POST /api/users/ 201 233.490 ms","timestamp":"2026-05-23 11:45:04"}
{"level":"info","message":"PostgreSQL Connected","timestamp":"2026-05-23 11:45:34"}
{"level":"http","message":"[64d594e6-a528-475e-ad0d-60034e0b0968] GET /api/users/all 200 72.503 ms","timestamp":"2026-05-23 11:45:34"}
{"level":"http","message":"[118310a9-7226-48bf-8e5a-9275fb2b9d51] GET /api/users/43f3548a-de9f-4b20-b2d9-feb665ff2247 404 1.716 ms","timestamp":"2026-05-23 11:46:16"}
{"level":"info","message":"PostgreSQL Connected","timestamp":"2026-05-23 11:46:38"}
{"level":"http","message":"[5141c3b2-dd8d-4a16-bd4e-ba5053250b13] GET /api/users/user/43f3548a-de9f-4b20-b2d9-feb665ff2247 200 82.689 ms","timestamp":"2026-05-23 11:46:38"}
{"level":"info","message":"PostgreSQL Connected","timestamp":"2026-05-23 11:50:14"}
{"level":"http","message":"[78831b66-adcb-4f54-86e9-bfeaef0b3803] GET /api/users/me 200 80.635 ms","timestamp":"2026-05-23 11:50:14"}
{"level":"info","message":"PostgreSQL Connected","timestamp":"2026-05-23 12:10:07"}
{"level":"info","message":"Database connected successfully","timestamp":"2026-05-23 12:10:07"}
{"level":"info","message":"Server running on port 5000","timestamp":"2026-05-23 12:10:07"}
{"level":"info","message":"PostgreSQL Connected","timestamp":"2026-05-23 12:10:09"}
{"level":"info","message":"Database connected successfully","timestamp":"2026-05-23 12:10:09"}
{"level":"info","message":"Server running on port 5000","timestamp":"2026-05-23 12:10:09"}
{"level":"info","message":"PostgreSQL Connected","timestamp":"2026-05-23 12:10:15"}
{"level":"info","message":"Database connected successfully","timestamp":"2026-05-23 12:10:15"}
{"level":"info","message":"Server running on port 5000","timestamp":"2026-05-23 12:10:15"}
{"level":"info","message":"PostgreSQL Connected","timestamp":"2026-05-23 12:10:17"}
{"level":"info","message":"Database connected successfully","timestamp":"2026-05-23 12:10:17"}
{"level":"info","message":"Server running on port 5000","timestamp":"2026-05-23 12:10:17"}
{"level":"info","message":"PostgreSQL Connected","timestamp":"2026-05-23 12:10:23"}
{"level":"info","message":"Database connected successfully","timestamp":"2026-05-23 12:10:23"}
{"level":"info","message":"Server running on port 5000","timestamp":"2026-05-23 12:10:23"}
{"level":"info","message":"PostgreSQL Connected","timestamp":"2026-05-23 12:10:26"}
{"level":"info","message":"Database connected successfully","timestamp":"2026-05-23 12:10:26"}
{"level":"info","message":"Server running on port 5000","timestamp":"2026-05-23 12:10:26"}
{"level":"info","message":"PostgreSQL Connected","timestamp":"2026-05-23 12:10:31"}
{"level":"info","message":"Database connected successfully","timestamp":"2026-05-23 12:10:31"}
{"level":"info","message":"Server running on port 5000","timestamp":"2026-05-23 12:10:31"}
{"level":"info","message":"PostgreSQL Connected","timestamp":"2026-05-23 12:10:34"}
{"level":"info","message":"Database connected successfully","timestamp":"2026-05-23 12:10:34"}
{"level":"info","message":"Server running on port 5000","timestamp":"2026-05-23 12:10:34"}
{"level":"info","message":"PostgreSQL Connected","timestamp":"2026-05-23 12:10:35"}
{"level":"info","message":"Database connected successfully","timestamp":"2026-05-23 12:10:35"}
{"level":"info","message":"Server running on port 5000","timestamp":"2026-05-23 12:10:35"}
{"level":"info","message":"PostgreSQL Connected","timestamp":"2026-05-23 12:10:39"}
{"level":"info","message":"Database connected successfully","timestamp":"2026-05-23 12:10:39"}
{"level":"info","message":"Server running on port 5000","timestamp":"2026-05-23 12:10:39"}
{"level":"info","message":"PostgreSQL Connected","timestamp":"2026-05-23 12:10:43"}
{"level":"info","message":"Database connected successfully","timestamp":"2026-05-23 12:10:43"}
{"level":"info","message":"Server running on port 5000","timestamp":"2026-05-23 12:10:43"}
{"level":"info","message":"PostgreSQL Connected","timestamp":"2026-05-23 12:11:06"}
{"level":"info","message":"Database connected successfully","timestamp":"2026-05-23 12:11:06"}
{"level":"info","message":"Server running on port 5000","timestamp":"2026-05-23 12:11:06"}
{"level":"info","message":"PostgreSQL Connected","timestamp":"2026-05-23 12:12:12"}
{"level":"info","message":"Database connected successfully","timestamp":"2026-05-23 12:12:12"}
{"level":"info","message":"Server running on port 5000","timestamp":"2026-05-23 12:12:12"}
{"level":"info","message":"PostgreSQL Connected","timestamp":"2026-05-23 12:13:46"}
{"level":"info","message":"Database connected successfully","timestamp":"2026-05-23 12:13:46"}
{"level":"info","message":"Server running on port 5000","timestamp":"2026-05-23 12:13:46"}
{"level":"info","message":"PostgreSQL Connected","timestamp":"2026-05-23 12:13:48"}
{"level":"info","message":"Database connected successfully","timestamp":"2026-05-23 12:13:48"}
{"level":"info","message":"Server running on port 5000","timestamp":"2026-05-23 12:13:48"}
{"level":"info","message":"PostgreSQL Connected","timestamp":"2026-05-23 12:13:51"}
{"level":"info","message":"Database connected successfully","timestamp":"2026-05-23 12:13:51"}
{"level":"info","message":"Server running on port 5000","timestamp":"2026-05-23 12:13:51"}
{"level":"info","message":"PostgreSQL Connected","timestamp":"2026-05-23 12:13:55"}
{"level":"info","message":"Database connected successfully","timestamp":"2026-05-23 12:13:55"}
{"level":"info","message":"Server running on port 5000","timestamp":"2026-05-23 12:13:55"}
{"level":"info","message":"PostgreSQL Connected","timestamp":"2026-05-23 12:13:58"}
{"level":"info","message":"Database connected successfully","timestamp":"2026-05-23 12:13:58"}
{"level":"info","message":"Server running on port 5000","timestamp":"2026-05-23 12:13:58"}
{"level":"info","message":"PostgreSQL Connected","timestamp":"2026-05-23 12:14:01"}
{"level":"info","message":"Database connected successfully","timestamp":"2026-05-23 12:14:01"}
{"level":"info","message":"Server running on port 5000","timestamp":"2026-05-23 12:14:01"}
{"level":"info","message":"PostgreSQL Connected","timestamp":"2026-05-23 12:14:05"}
{"level":"info","message":"Database connected successfully","timestamp":"2026-05-23 12:14:05"}
{"level":"info","message":"Server running on port 5000","timestamp":"2026-05-23 12:14:05"}
{"level":"info","message":"PostgreSQL Connected","timestamp":"2026-05-23 12:14:08"}
{"level":"info","message":"Database connected successfully","timestamp":"2026-05-23 12:14:08"}
{"level":"info","message":"Server running on port 5000","timestamp":"2026-05-23 12:14:08"}
{"level":"info","message":"PostgreSQL Connected","timestamp":"2026-05-23 12:14:10"}
{"level":"info","message":"Database connected successfully","timestamp":"2026-05-23 12:14:10"}
{"level":"info","message":"Server running on port 5000","timestamp":"2026-05-23 12:14:10"}
{"level":"info","message":"PostgreSQL Connected","timestamp":"2026-05-23 12:14:12"}
{"level":"info","message":"Database connected successfully","timestamp":"2026-05-23 12:14:12"}
{"level":"info","message":"Server running on port 5000","timestamp":"2026-05-23 12:14:12"}
{"level":"info","message":"PostgreSQL Connected","timestamp":"2026-05-23 12:14:19"}
{"level":"info","message":"Database connected successfully","timestamp":"2026-05-23 12:14:19"}
{"level":"info","message":"Server running on port 5000","timestamp":"2026-05-23 12:14:19"}
{"level":"info","message":"PostgreSQL Connected","timestamp":"2026-05-23 12:14:23"}
{"level":"info","message":"Database connected successfully","timestamp":"2026-05-23 12:14:23"}
{"level":"info","message":"Server running on port 5000","timestamp":"2026-05-23 12:14:23"}
{"level":"info","message":"PostgreSQL Connected","timestamp":"2026-05-23 12:14:26"}
{"level":"info","message":"Database connected successfully","timestamp":"2026-05-23 12:14:26"}
{"level":"info","message":"Server running on port 5000","timestamp":"2026-05-23 12:14:26"}
{"level":"info","message":"PostgreSQL Connected","timestamp":"2026-05-23 12:14:28"}
{"level":"info","message":"Database connected successfully","timestamp":"2026-05-23 12:14:28"}
{"level":"info","message":"Server running on port 5000","timestamp":"2026-05-23 12:14:28"}
{"level":"info","message":"PostgreSQL Connected","timestamp":"2026-05-23 12:14:31"}
{"level":"info","message":"Database connected successfully","timestamp":"2026-05-23 12:14:31"}
{"level":"info","message":"Server running on port 5000","timestamp":"2026-05-23 12:14:31"}
{"level":"info","message":"PostgreSQL Connected","timestamp":"2026-05-23 12:14:35"}
{"level":"info","message":"Database connected successfully","timestamp":"2026-05-23 12:14:35"}
{"level":"info","message":"Server running on port 5000","timestamp":"2026-05-23 12:14:35"}
{"level":"info","message":"PostgreSQL Connected","timestamp":"2026-05-23 12:14:40"}
{"level":"info","message":"Database connected successfully","timestamp":"2026-05-23 12:14:40"}
{"level":"info","message":"Server running on port 5000","timestamp":"2026-05-23 12:14:40"}
{"level":"info","message":"PostgreSQL Connected","timestamp":"2026-05-23 12:14:44"}
{"level":"info","message":"Database connected successfully","timestamp":"2026-05-23 12:14:44"}
{"level":"info","message":"Server running on port 5000","timestamp":"2026-05-23 12:14:44"}
{"level":"info","message":"PostgreSQL Connected","timestamp":"2026-05-23 12:14:47"}
{"level":"info","message":"Database connected successfully","timestamp":"2026-05-23 12:14:47"}
{"level":"info","message":"Server running on port 5000","timestamp":"2026-05-23 12:14:47"}
{"level":"info","message":"PostgreSQL Connected","timestamp":"2026-05-23 12:14:50"}
{"level":"info","message":"Database connected successfully","timestamp":"2026-05-23 12:14:50"}
{"level":"info","message":"Server running on port 5000","timestamp":"2026-05-23 12:14:50"}
{"level":"info","message":"PostgreSQL Connected","timestamp":"2026-05-23 12:14:52"}
{"level":"info","message":"Database connected successfully","timestamp":"2026-05-23 12:14:52"}
{"level":"info","message":"Server running on port 5000","timestamp":"2026-05-23 12:14:52"}
{"level":"info","message":"PostgreSQL Connected","timestamp":"2026-05-23 12:14:54"}
{"level":"info","message":"Database connected successfully","timestamp":"2026-05-23 12:14:54"}
{"level":"info","message":"Server running on port 5000","timestamp":"2026-05-23 12:14:54"}
{"level":"info","message":"PostgreSQL Connected","timestamp":"2026-05-23 12:14:57"}
{"level":"info","message":"Database connected successfully","timestamp":"2026-05-23 12:14:57"}
{"level":"info","message":"Server running on port 5000","timestamp":"2026-05-23 12:14:57"}
{"level":"info","message":"PostgreSQL Connected","timestamp":"2026-05-23 12:14:59"}
{"level":"info","message":"Database connected successfully","timestamp":"2026-05-23 12:14:59"}
{"level":"info","message":"Server running on port 5000","timestamp":"2026-05-23 12:14:59"}
{"level":"info","message":"PostgreSQL Connected","timestamp":"2026-05-23 12:15:01"}
{"level":"info","message":"Database connected successfully","timestamp":"2026-05-23 12:15:01"}
{"level":"info","message":"Server running on port 5000","timestamp":"2026-05-23 12:15:01"}
{"level":"info","message":"PostgreSQL Connected","timestamp":"2026-05-23 12:15:03"}
{"level":"info","message":"Database connected successfully","timestamp":"2026-05-23 12:15:03"}
{"level":"info","message":"Server running on port 5000","timestamp":"2026-05-23 12:15:03"}
{"level":"info","message":"PostgreSQL Connected","timestamp":"2026-05-23 12:15:05"}
{"level":"info","message":"Database connected successfully","timestamp":"2026-05-23 12:15:05"}
{"level":"info","message":"Server running on port 5000","timestamp":"2026-05-23 12:15:05"}
{"level":"info","message":"PostgreSQL Connected","timestamp":"2026-05-23 12:15:07"}
{"level":"info","message":"Database connected successfully","timestamp":"2026-05-23 12:15:07"}
{"level":"info","message":"Server running on port 5000","timestamp":"2026-05-23 12:15:07"}
{"level":"info","message":"PostgreSQL Connected","timestamp":"2026-05-23 12:15:14"}
{"level":"info","message":"Database connected successfully","timestamp":"2026-05-23 12:15:14"}
{"level":"info","message":"Server running on port 5000","timestamp":"2026-05-23 12:15:14"}
{"level":"info","message":"PostgreSQL Connected","timestamp":"2026-05-23 12:15:17"}
{"level":"info","message":"Database connected successfully","timestamp":"2026-05-23 12:15:17"}
{"level":"info","message":"Server running on port 5000","timestamp":"2026-05-23 12:15:17"}
{"level":"info","message":"PostgreSQL Connected","timestamp":"2026-05-23 12:15:20"}
{"level":"info","message":"Database connected successfully","timestamp":"2026-05-23 12:15:20"}
{"level":"info","message":"Server running on port 5000","timestamp":"2026-05-23 12:15:20"}
{"level":"info","message":"PostgreSQL Connected","timestamp":"2026-05-23 12:15:24"}
{"level":"info","message":"Database connected successfully","timestamp":"2026-05-23 12:15:24"}
{"level":"info","message":"Server running on port 5000","timestamp":"2026-05-23 12:15:24"}
{"level":"info","message":"PostgreSQL Connected","timestamp":"2026-05-23 12:15:27"}
{"level":"info","message":"Database connected successfully","timestamp":"2026-05-23 12:15:27"}
{"level":"info","message":"Server running on port 5000","timestamp":"2026-05-23 12:15:27"}
{"level":"info","message":"PostgreSQL Connected","timestamp":"2026-05-23 12:15:32"}
{"level":"info","message":"Database connected successfully","timestamp":"2026-05-23 12:15:32"}
{"level":"info","message":"Server running on port 5000","timestamp":"2026-05-23 12:15:32"}
{"level":"info","message":"PostgreSQL Connected","timestamp":"2026-05-23 12:15:35"}
{"level":"info","message":"Database connected successfully","timestamp":"2026-05-23 12:15:35"}
{"level":"info","message":"Server running on port 5000","timestamp":"2026-05-23 12:15:35"}
{"level":"info","message":"PostgreSQL Connected","timestamp":"2026-05-23 12:15:38"}
{"level":"info","message":"Database connected successfully","timestamp":"2026-05-23 12:15:38"}
{"level":"info","message":"Server running on port 5000","timestamp":"2026-05-23 12:15:38"}
{"level":"info","message":"PostgreSQL Connected","timestamp":"2026-05-23 12:15:41"}
{"level":"info","message":"Database connected successfully","timestamp":"2026-05-23 12:15:41"}
{"level":"info","message":"Server running on port 5000","timestamp":"2026-05-23 12:15:41"}
{"level":"info","message":"PostgreSQL Connected","timestamp":"2026-05-23 12:15:46"}
{"level":"info","message":"Database connected successfully","timestamp":"2026-05-23 12:15:46"}
{"level":"info","message":"Server running on port 5000","timestamp":"2026-05-23 12:15:46"}
{"level":"info","message":"PostgreSQL Connected","timestamp":"2026-05-23 12:15:49"}
{"level":"info","message":"Database connected successfully","timestamp":"2026-05-23 12:15:49"}
{"level":"info","message":"Server running on port 5000","timestamp":"2026-05-23 12:15:49"}
{"level":"info","message":"PostgreSQL Connected","timestamp":"2026-05-23 12:17:08"}
{"level":"info","message":"Database connected successfully","timestamp":"2026-05-23 12:17:08"}
{"level":"info","message":"Server running on port 5000","timestamp":"2026-05-23 12:17:08"}
{"level":"info","message":"PostgreSQL Connected","timestamp":"2026-05-23 12:17:10"}
{"level":"info","message":"Database connected successfully","timestamp":"2026-05-23 12:17:10"}
{"level":"info","message":"Server running on port 5000","timestamp":"2026-05-23 12:17:10"}
{"level":"info","message":"PostgreSQL Connected","timestamp":"2026-05-23 12:17:13"}
{"level":"info","message":"Database connected successfully","timestamp":"2026-05-23 12:17:13"}
{"level":"info","message":"Server running on port 5000","timestamp":"2026-05-23 12:17:13"}
{"level":"info","message":"PostgreSQL Connected","timestamp":"2026-05-23 12:17:15"}
{"level":"info","message":"Database connected successfully","timestamp":"2026-05-23 12:17:15"}
{"level":"info","message":"Server running on port 5000","timestamp":"2026-05-23 12:17:15"}
{"level":"info","message":"PostgreSQL Connected","timestamp":"2026-05-23 12:17:26"}
{"level":"info","message":"Database connected successfully","timestamp":"2026-05-23 12:17:26"}
{"level":"info","message":"Server running on port 5000","timestamp":"2026-05-23 12:17:26"}
{"level":"info","message":"PostgreSQL Connected","timestamp":"2026-05-23 12:17:29"}
{"level":"info","message":"Database connected successfully","timestamp":"2026-05-23 12:17:29"}
{"level":"info","message":"Server running on port 5000","timestamp":"2026-05-23 12:17:29"}
{"level":"info","message":"PostgreSQL Connected","timestamp":"2026-05-23 12:17:32"}
{"level":"info","message":"Database connected successfully","timestamp":"2026-05-23 12:17:32"}
{"level":"info","message":"Server running on port 5000","timestamp":"2026-05-23 12:17:32"}
{"level":"info","message":"PostgreSQL Connected","timestamp":"2026-05-23 12:17:35"}
{"level":"info","message":"Database connected successfully","timestamp":"2026-05-23 12:17:35"}
{"level":"info","message":"Server running on port 5000","timestamp":"2026-05-23 12:17:35"}
{"level":"info","message":"PostgreSQL Connected","timestamp":"2026-05-23 12:17:37"}
{"level":"info","message":"Database connected successfully","timestamp":"2026-05-23 12:17:37"}
{"level":"info","message":"Server running on port 5000","timestamp":"2026-05-23 12:17:37"}
{"level":"info","message":"PostgreSQL Connected","timestamp":"2026-05-23 12:17:43"}
{"level":"info","message":"Database connected successfully","timestamp":"2026-05-23 12:17:43"}
{"level":"info","message":"Server running on port 5000","timestamp":"2026-05-23 12:17:43"}
{"level":"http","message":"[c6fdfa1e-31ea-4627-9fae-c2ac267d781a] POST /api/roles 401 3.484 ms","timestamp":"2026-05-23 12:21:58"}
{"level":"info","message":"PostgreSQL Connected","timestamp":"2026-05-23 12:22:17"}
{"level":"http","message":"[b9b16289-d6de-42a5-a253-0afe4b087408] POST /api/roles 400 123.147 ms","timestamp":"2026-05-23 12:22:17"}
{"level":"info","message":"PostgreSQL Connected","timestamp":"2026-05-23 12:26:40"}
{"level":"http","message":"[9252d3eb-3966-4687-8a4c-9a86a9411a80] POST /api/roles 400 189.141 ms","timestamp":"2026-05-23 12:26:40"}
{"level":"info","message":"PostgreSQL Connected","timestamp":"2026-05-23 12:26:59"}
{"level":"http","message":"[bdafe506-db78-4239-9183-8b5296056c6d] POST /api/roles 400 95.435 ms","timestamp":"2026-05-23 12:26:59"}
{"level":"info","message":"PostgreSQL Connected","timestamp":"2026-05-23 12:27:40"}
{"level":"http","message":"[bbd95b3c-7b90-453b-b076-660c4387e27d] POST /api/roles 400 81.323 ms","timestamp":"2026-05-23 12:27:40"}
{"level":"info","message":"PostgreSQL Connected","timestamp":"2026-05-23 12:29:08"}
{"level":"http","message":"[f1f14f26-fd4b-4c3a-a697-44f0d6cea5dc] POST /api/roles 201 77.242 ms","timestamp":"2026-05-23 12:29:08"}
{"level":"info","message":"PostgreSQL Connected","timestamp":"2026-05-23 12:29:57"}
{"level":"http","message":"[2b7de448-da3e-4119-817a-307e8d850e83] GET /api/roles 200 70.693 ms","timestamp":"2026-05-23 12:29:57"}
{"level":"http","message":"[b2ae11ba-6741-4e03-964c-9fe8911b2684] POST /api/roles 400 2.778 ms","timestamp":"2026-05-23 12:30:16"}
{"level":"info","message":"PostgreSQL Connected","timestamp":"2026-05-23 12:31:13"}
{"level":"info","message":"Database connected successfully","timestamp":"2026-05-23 12:31:13"}
{"level":"info","message":"Server running on port 5000","timestamp":"2026-05-23 12:31:13"}
{"level":"info","message":"PostgreSQL Connected","timestamp":"2026-05-23 12:31:14"}
{"level":"info","message":"Database connected successfully","timestamp":"2026-05-23 12:31:14"}
{"level":"info","message":"Server running on port 5000","timestamp":"2026-05-23 12:31:15"}
{"level":"info","message":"PostgreSQL Connected","timestamp":"2026-05-23 12:31:37"}
{"level":"info","message":"Database connected successfully","timestamp":"2026-05-23 12:31:37"}
{"level":"info","message":"Server running on port 5000","timestamp":"2026-05-23 12:31:37"}
{"level":"info","message":"PostgreSQL Connected","timestamp":"2026-05-23 12:31:44"}
{"level":"info","message":"Database connected successfully","timestamp":"2026-05-23 12:31:44"}
{"level":"info","message":"Server running on port 5000","timestamp":"2026-05-23 12:31:44"}
{"level":"http","message":"[2ccd95bd-63e4-4d21-b7e3-6ac32cd068f7] POST /api/roles/assign 404 5.614 ms","timestamp":"2026-05-23 12:31:54"}
{"level":"info","message":"PostgreSQL Connected","timestamp":"2026-05-23 12:32:17"}
{"level":"info","message":"Database connected successfully","timestamp":"2026-05-23 12:32:17"}
{"level":"info","message":"Server running on port 5000","timestamp":"2026-05-23 12:32:17"}
{"level":"info","message":"PostgreSQL Connected","timestamp":"2026-05-23 12:32:18"}
{"level":"info","message":"Database connected successfully","timestamp":"2026-05-23 12:32:18"}
{"level":"info","message":"Server running on port 5000","timestamp":"2026-05-23 12:32:18"}
{"level":"info","message":"PostgreSQL Connected","timestamp":"2026-05-23 12:32:33"}
{"level":"info","message":"Database connected successfully","timestamp":"2026-05-23 12:32:33"}
{"level":"info","message":"Server running on port 5000","timestamp":"2026-05-23 12:32:33"}
{"level":"info","message":"PostgreSQL Connected","timestamp":"2026-05-23 12:32:42"}
{"level":"info","message":"Database connected successfully","timestamp":"2026-05-23 12:32:42"}
{"level":"info","message":"Server running on port 5000","timestamp":"2026-05-23 12:32:42"}
{"level":"info","message":"PostgreSQL Connected","timestamp":"2026-05-23 12:32:52"}
{"level":"info","message":"Database connected successfully","timestamp":"2026-05-23 12:32:52"}
{"level":"info","message":"Server running on port 5000","timestamp":"2026-05-23 12:32:52"}
{"level":"info","message":"PostgreSQL Connected","timestamp":"2026-05-23 12:32:55"}
{"level":"info","message":"Database connected successfully","timestamp":"2026-05-23 12:32:55"}
{"level":"info","message":"Server running on port 5000","timestamp":"2026-05-23 12:32:55"}
{"level":"info","message":"PostgreSQL Connected","timestamp":"2026-05-23 12:32:59"}
{"level":"info","message":"Database connected successfully","timestamp":"2026-05-23 12:32:59"}
{"level":"info","message":"Server running on port 5000","timestamp":"2026-05-23 12:32:59"}
{"level":"info","message":"PostgreSQL Connected","timestamp":"2026-05-23 12:33:00"}
{"level":"info","message":"Database connected successfully","timestamp":"2026-05-23 12:33:00"}
{"level":"info","message":"Server running on port 5000","timestamp":"2026-05-23 12:33:00"}
{"level":"info","message":"PostgreSQL Connected","timestamp":"2026-05-23 12:33:03"}
{"level":"info","message":"Database connected successfully","timestamp":"2026-05-23 12:33:03"}
{"level":"info","message":"Server running on port 5000","timestamp":"2026-05-23 12:33:03"}
{"level":"info","message":"PostgreSQL Connected","timestamp":"2026-05-23 12:33:07"}
{"level":"info","message":"Database connected successfully","timestamp":"2026-05-23 12:33:07"}
{"level":"info","message":"Server running on port 5000","timestamp":"2026-05-23 12:33:07"}
{"level":"info","message":"PostgreSQL Connected","timestamp":"2026-05-23 12:34:04"}
{"level":"http","message":"[cbd8ab13-44a5-4456-b432-a48f931eb7ad] POST /api/roles 400 71.668 ms","timestamp":"2026-05-23 12:34:04"}
{"level":"info","message":"PostgreSQL Connected","timestamp":"2026-05-23 12:34:22"}
{"level":"http","message":"[caf33856-4a4f-4377-a2e2-e5889d19b02a] POST /api/roles/assign/ 200 88.476 ms","timestamp":"2026-05-23 12:34:22"}
{"level":"http","message":"[3b8c706a-c8aa-48ca-a19c-9656c0e436d1] GET /api/roles/user/43f3548a-de9f-4b20-b2d9-feb665ff2247 401 0.895 ms","timestamp":"2026-05-23 12:34:50"}
{"level":"info","message":"PostgreSQL Connected","timestamp":"2026-05-23 12:35:07"}
{"level":"http","message":"[160c7614-71b4-4441-8bdc-b66f6742bca5] GET /api/roles/user/43f3548a-de9f-4b20-b2d9-feb665ff2247 200 66.715 ms","timestamp":"2026-05-23 12:35:07"}
{"level":"info","message":"PostgreSQL Connected","timestamp":"2026-05-26 10:09:24"}
{"level":"info","message":"Database connected successfully","timestamp":"2026-05-26 10:09:24"}
{"level":"info","message":"Server running on port 5000","timestamp":"2026-05-26 10:09:24"}
{"level":"http","message":"[0e293ba9-4fd0-469e-b845-5854e6c6eccb] GET / 200 4.677 ms","timestamp":"2026-05-26 10:09:29"}
{"level":"http","message":"[919ebcb4-af50-4c74-b380-34eb47a4a6ad] GET /favicon.ico 404 3.031 ms","timestamp":"2026-05-26 10:09:29"}
